2025-08-07 12:02:43 | compliance | INFO | Compliance requirements loaded: ['ISO_9001', 'ISO_14001', 'ISO_45001', 'FDA_21_CFR_PART_11', 'GDPR']
2025-08-07 12:19:26 | audit | INFO | Data Access: {
  "event_type": "DATA_ACCESS",
  "timestamp": "2025-08-07T06:49:26.563857",
  "user_id": null,
  "data_type": "vendor",
  "action": "GET",
  "record_id": 0,
  "ip_address": "127.0.0.1"
}
2025-08-07 12:19:37 | audit | INFO | Data Access: {
  "event_type": "DATA_ACCESS",
  "timestamp": "2025-08-07T06:49:37.277145",
  "user_id": null,
  "data_type": "vendor",
  "action": "POST",
  "record_id": 0,
  "ip_address": "127.0.0.1"
}
2025-08-07 12:20:47 | audit | INFO | Data Access: {
  "event_type": "DATA_ACCESS",
  "timestamp": "2025-08-07T06:50:47.365599",
  "user_id": null,
  "data_type": "vendor",
  "action": "GET",
  "record_id": 0,
  "ip_address": "127.0.0.1"
}
2025-08-07 12:20:49 | audit | INFO | Data Access: {
  "event_type": "DATA_ACCESS",
  "timestamp": "2025-08-07T06:50:49.441304",
  "user_id": null,
  "data_type": "vendor",
  "action": "POST",
  "record_id": 0,
  "ip_address": "127.0.0.1"
}
2025-08-07 12:21:41 | audit | INFO | Data Access: {
  "event_type": "DATA_ACCESS",
  "timestamp": "2025-08-07T06:51:41.160901",
  "user_id": null,
  "data_type": "vendor",
  "action": "GET",
  "record_id": 0,
  "ip_address": "127.0.0.1"
}
2025-08-07 12:21:43 | audit | INFO | Vendor Registration: {
  "event_type": "VENDOR_REGISTRATION",
  "timestamp": "2025-08-07T06:51:43.272134",
  "user_id": null,
  "ip_address": "127.0.0.1",
  "vendor_email": "test1754549501.194173@example.com",
  "company_name": "Test Company Pvt Ltd",
  "country_origin": "India",
  "supplier_type": null,
  "msme_status": "msme",
  "compliance_fields": {
    "pan_number": null,
    "gst_number": null,
    "gta_registration": "yes"
  },
  "agreements_accepted": {
    "nda": true,
    "sqa": true,
    "four_m": true,
    "code_of_conduct": true,
    "compliance_agreement": true,
    "self_declaration": true
  }
}
2025-08-07 12:21:43 | audit | INFO | Data Access: {
  "event_type": "DATA_ACCESS",
  "timestamp": "2025-08-07T06:51:43.275382",
  "user_id": null,
  "data_type": "vendor",
  "action": "POST",
  "record_id": 0,
  "ip_address": "127.0.0.1"
}
2025-08-07 12:39:56 | audit | INFO | Data Access: {
  "event_type": "DATA_ACCESS",
  "timestamp": "2025-08-07T07:09:56.799565",
  "user_id": null,
  "data_type": "vendor",
  "action": "GET",
  "record_id": 0,
  "ip_address": "127.0.0.1"
}
2025-08-07 12:40:01 | audit | INFO | Data Access: {
  "event_type": "DATA_ACCESS",
  "timestamp": "2025-08-07T07:10:01.458389",
  "user_id": null,
  "data_type": "vendor",
  "action": "GET",
  "record_id": 0,
  "ip_address": "127.0.0.1"
}
2025-08-07 12:40:23 | audit | INFO | Data Access: {
  "event_type": "DATA_ACCESS",
  "timestamp": "2025-08-07T07:10:23.610555",
  "user_id": null,
  "data_type": "vendor",
  "action": "GET",
  "record_id": 0,
  "ip_address": "127.0.0.1"
}
2025-08-07 12:40:25 | audit | INFO | Data Access: {
  "event_type": "DATA_ACCESS",
  "timestamp": "2025-08-07T07:10:25.442620",
  "user_id": null,
  "data_type": "vendor",
  "action": "GET",
  "record_id": 0,
  "ip_address": "127.0.0.1"
}
2025-08-07 12:40:28 | audit | INFO | Data Access: {
  "event_type": "DATA_ACCESS",
  "timestamp": "2025-08-07T07:10:28.747343",
  "user_id": null,
  "data_type": "vendor",
  "action": "GET",
  "record_id": 0,
  "ip_address": "127.0.0.1"
}
2025-08-07 12:40:32 | audit | INFO | Data Access: {
  "event_type": "DATA_ACCESS",
  "timestamp": "2025-08-07T07:10:32.115131",
  "user_id": null,
  "data_type": "vendor",
  "action": "GET",
  "record_id": 0,
  "ip_address": "127.0.0.1"
}
2025-08-07 12:40:43 | audit | INFO | Data Access: {
  "event_type": "DATA_ACCESS",
  "timestamp": "2025-08-07T07:10:43.957355",
  "user_id": null,
  "data_type": "vendor",
  "action": "GET",
  "record_id": 0,
  "ip_address": "127.0.0.1"
}
2025-08-07 12:40:45 | audit | INFO | Data Access: {
  "event_type": "DATA_ACCESS",
  "timestamp": "2025-08-07T07:10:45.782887",
  "user_id": null,
  "data_type": "vendor",
  "action": "GET",
  "record_id": 0,
  "ip_address": "127.0.0.1"
}
2025-08-07 12:40:47 | audit | INFO | Data Access: {
  "event_type": "DATA_ACCESS",
  "timestamp": "2025-08-07T07:10:47.722877",
  "user_id": null,
  "data_type": "vendor",
  "action": "GET",
  "record_id": 0,
  "ip_address": "127.0.0.1"
}
2025-08-07 12:40:48 | audit | INFO | Data Access: {
  "event_type": "DATA_ACCESS",
  "timestamp": "2025-08-07T07:10:48.520039",
  "user_id": null,
  "data_type": "vendor",
  "action": "GET",
  "record_id": 0,
  "ip_address": "127.0.0.1"
}
2025-08-07 12:40:50 | audit | INFO | Data Access: {
  "event_type": "DATA_ACCESS",
  "timestamp": "2025-08-07T07:10:50.650394",
  "user_id": null,
  "data_type": "vendor",
  "action": "GET",
  "record_id": 0,
  "ip_address": "127.0.0.1"
}
2025-08-07 12:41:48 | audit | INFO | Data Access: {
  "event_type": "DATA_ACCESS",
  "timestamp": "2025-08-07T07:11:48.676184",
  "user_id": null,
  "data_type": "vendor",
  "action": "GET",
  "record_id": 0,
  "ip_address": "127.0.0.1"
}
2025-08-07 12:41:50 | audit | INFO | Vendor Registration: {
  "event_type": "VENDOR_REGISTRATION",
  "timestamp": "2025-08-07T07:11:50.752576",
  "user_id": null,
  "ip_address": "127.0.0.1",
  "vendor_email": "test1754550708.689862@example.com",
  "company_name": "Test Company Pvt Ltd",
  "country_origin": "India",
  "supplier_type": null,
  "msme_status": "msme",
  "compliance_fields": {
    "pan_number": null,
    "gst_number": null,
    "gta_registration": "yes"
  },
  "agreements_accepted": {
    "nda": true,
    "sqa": true,
    "four_m": true,
    "code_of_conduct": true,
    "compliance_agreement": true,
    "self_declaration": true
  }
}
2025-08-07 12:41:50 | audit | INFO | Data Access: {
  "event_type": "DATA_ACCESS",
  "timestamp": "2025-08-07T07:11:50.756345",
  "user_id": null,
  "data_type": "vendor",
  "action": "POST",
  "record_id": 0,
  "ip_address": "127.0.0.1"
}
2025-08-07 12:42:04 | audit | INFO | Data Access: {
  "event_type": "DATA_ACCESS",
  "timestamp": "2025-08-07T07:12:04.105598",
  "user_id": null,
  "data_type": "vendor",
  "action": "GET",
  "record_id": 11,
  "ip_address": "127.0.0.1"
}
2025-08-07 12:43:10 | audit | INFO | Data Access: {
  "event_type": "DATA_ACCESS",
  "timestamp": "2025-08-07T07:13:10.720706",
  "user_id": null,
  "data_type": "vendor",
  "action": "GET",
  "record_id": 0,
  "ip_address": "127.0.0.1"
}
2025-08-07 12:43:12 | audit | INFO | Data Access: {
  "event_type": "DATA_ACCESS",
  "timestamp": "2025-08-07T07:13:12.588507",
  "user_id": null,
  "data_type": "vendor",
  "action": "GET",
  "record_id": 0,
  "ip_address": "127.0.0.1"
}
2025-08-07 12:43:21 | audit | INFO | Data Access: {
  "event_type": "DATA_ACCESS",
  "timestamp": "2025-08-07T07:13:21.365643",
  "user_id": null,
  "data_type": "vendor",
  "action": "GET",
  "record_id": 0,
  "ip_address": "127.0.0.1"
}
2025-08-07 12:43:22 | audit | INFO | Data Access: {
  "event_type": "DATA_ACCESS",
  "timestamp": "2025-08-07T07:13:22.798654",
  "user_id": null,
  "data_type": "vendor",
  "action": "GET",
  "record_id": 0,
  "ip_address": "127.0.0.1"
}
2025-08-07 12:43:23 | audit | INFO | Data Access: {
  "event_type": "DATA_ACCESS",
  "timestamp": "2025-08-07T07:13:23.747861",
  "user_id": null,
  "data_type": "vendor",
  "action": "GET",
  "record_id": 0,
  "ip_address": "127.0.0.1"
}
2025-08-07 12:43:24 | audit | INFO | Data Access: {
  "event_type": "DATA_ACCESS",
  "timestamp": "2025-08-07T07:13:24.919344",
  "user_id": null,
  "data_type": "vendor",
  "action": "GET",
  "record_id": 0,
  "ip_address": "127.0.0.1"
}
2025-08-07 12:43:26 | audit | INFO | Data Access: {
  "event_type": "DATA_ACCESS",
  "timestamp": "2025-08-07T07:13:26.302672",
  "user_id": null,
  "data_type": "vendor",
  "action": "GET",
  "record_id": 0,
  "ip_address": "127.0.0.1"
}
2025-08-07 12:43:26 | audit | INFO | Data Access: {
  "event_type": "DATA_ACCESS",
  "timestamp": "2025-08-07T07:13:26.929686",
  "user_id": null,
  "data_type": "vendor",
  "action": "GET",
  "record_id": 0,
  "ip_address": "127.0.0.1"
}
2025-08-07 12:43:59 | audit | INFO | Data Access: {
  "event_type": "DATA_ACCESS",
  "timestamp": "2025-08-07T07:13:59.737950",
  "user_id": null,
  "data_type": "vendor",
  "action": "GET",
  "record_id": 0,
  "ip_address": "127.0.0.1"
}
2025-08-07 12:44:19 | audit | INFO | Data Access: {
  "event_type": "DATA_ACCESS",
  "timestamp": "2025-08-07T07:14:19.174684",
  "user_id": null,
  "data_type": "vendor",
  "action": "GET",
  "record_id": 0,
  "ip_address": "127.0.0.1"
}
2025-08-07 12:44:47 | audit | INFO | Data Access: {
  "event_type": "DATA_ACCESS",
  "timestamp": "2025-08-07T07:14:47.448387",
  "user_id": null,
  "data_type": "vendor",
  "action": "GET",
  "record_id": 0,
  "ip_address": "127.0.0.1"
}
2025-08-07 12:45:12 | audit | INFO | Data Access: {
  "event_type": "DATA_ACCESS",
  "timestamp": "2025-08-07T07:15:12.544791",
  "user_id": null,
  "data_type": "vendor",
  "action": "GET",
  "record_id": 0,
  "ip_address": "127.0.0.1"
}
2025-08-07 12:45:39 | audit | INFO | Data Access: {
  "event_type": "DATA_ACCESS",
  "timestamp": "2025-08-07T07:15:39.469468",
  "user_id": null,
  "data_type": "vendor",
  "action": "GET",
  "record_id": 0,
  "ip_address": "127.0.0.1"
}
2025-08-07 12:47:16 | audit | INFO | Data Access: {
  "event_type": "DATA_ACCESS",
  "timestamp": "2025-08-07T07:17:16.049641",
  "user_id": null,
  "data_type": "vendor",
  "action": "GET",
  "record_id": 0,
  "ip_address": "127.0.0.1"
}
2025-08-07 12:47:33 | audit | INFO | Data Access: {
  "event_type": "DATA_ACCESS",
  "timestamp": "2025-08-07T07:17:33.777085",
  "user_id": null,
  "data_type": "vendor",
  "action": "GET",
  "record_id": 0,
  "ip_address": "127.0.0.1"
}
2025-08-07 12:48:49 | audit | INFO | Data Access: {
  "event_type": "DATA_ACCESS",
  "timestamp": "2025-08-07T07:18:49.110790",
  "user_id": null,
  "data_type": "vendor",
  "action": "GET",
  "record_id": 0,
  "ip_address": "127.0.0.1"
}
2025-08-07 12:48:51 | audit | INFO | Data Access: {
  "event_type": "DATA_ACCESS",
  "timestamp": "2025-08-07T07:18:51.095264",
  "user_id": null,
  "data_type": "vendor",
  "action": "GET",
  "record_id": 0,
  "ip_address": "127.0.0.1"
}
2025-08-07 12:48:52 | audit | INFO | Data Access: {
  "event_type": "DATA_ACCESS",
  "timestamp": "2025-08-07T07:18:52.033264",
  "user_id": null,
  "data_type": "vendor",
  "action": "GET",
  "record_id": 0,
  "ip_address": "127.0.0.1"
}
2025-08-07 12:48:53 | audit | INFO | Data Access: {
  "event_type": "DATA_ACCESS",
  "timestamp": "2025-08-07T07:18:53.344992",
  "user_id": null,
  "data_type": "vendor",
  "action": "GET",
  "record_id": 0,
  "ip_address": "127.0.0.1"
}
2025-08-07 12:48:54 | audit | INFO | Data Access: {
  "event_type": "DATA_ACCESS",
  "timestamp": "2025-08-07T07:18:54.587802",
  "user_id": null,
  "data_type": "vendor",
  "action": "GET",
  "record_id": 0,
  "ip_address": "127.0.0.1"
}
2025-08-07 12:48:58 | audit | INFO | Data Access: {
  "event_type": "DATA_ACCESS",
  "timestamp": "2025-08-07T07:18:58.254871",
  "user_id": null,
  "data_type": "vendor",
  "action": "GET",
  "record_id": 0,
  "ip_address": "127.0.0.1"
}
2025-08-07 12:49:08 | audit | INFO | Data Access: {
  "event_type": "DATA_ACCESS",
  "timestamp": "2025-08-07T07:19:08.948475",
  "user_id": null,
  "data_type": "vendor",
  "action": "GET",
  "record_id": 0,
  "ip_address": "127.0.0.1"
}
2025-08-07 12:49:16 | audit | INFO | Data Access: {
  "event_type": "DATA_ACCESS",
  "timestamp": "2025-08-07T07:19:16.199934",
  "user_id": null,
  "data_type": "vendor",
  "action": "GET",
  "record_id": 0,
  "ip_address": "127.0.0.1"
}
2025-08-07 12:50:43 | audit | INFO | Data Access: {
  "event_type": "DATA_ACCESS",
  "timestamp": "2025-08-07T07:20:43.819141",
  "user_id": null,
  "data_type": "vendor",
  "action": "GET",
  "record_id": 0,
  "ip_address": "127.0.0.1"
}
2025-08-07 12:50:45 | audit | INFO | Data Access: {
  "event_type": "DATA_ACCESS",
  "timestamp": "2025-08-07T07:20:45.099153",
  "user_id": null,
  "data_type": "vendor",
  "action": "GET",
  "record_id": 0,
  "ip_address": "127.0.0.1"
}
2025-08-07 12:50:47 | audit | INFO | Data Access: {
  "event_type": "DATA_ACCESS",
  "timestamp": "2025-08-07T07:20:47.164650",
  "user_id": null,
  "data_type": "vendor",
  "action": "GET",
  "record_id": 0,
  "ip_address": "127.0.0.1"
}
2025-08-07 12:50:47 | audit | INFO | Data Access: {
  "event_type": "DATA_ACCESS",
  "timestamp": "2025-08-07T07:20:47.922976",
  "user_id": null,
  "data_type": "vendor",
  "action": "GET",
  "record_id": 0,
  "ip_address": "127.0.0.1"
}
2025-08-07 12:50:48 | audit | INFO | Data Access: {
  "event_type": "DATA_ACCESS",
  "timestamp": "2025-08-07T07:20:48.519527",
  "user_id": null,
  "data_type": "vendor",
  "action": "GET",
  "record_id": 0,
  "ip_address": "127.0.0.1"
}
2025-08-07 12:53:14 | audit | INFO | Data Access: {
  "event_type": "DATA_ACCESS",
  "timestamp": "2025-08-07T07:23:14.110756",
  "user_id": null,
  "data_type": "vendor",
  "action": "GET",
  "record_id": 0,
  "ip_address": "127.0.0.1"
}
2025-08-07 12:53:55 | audit | INFO | Data Access: {
  "event_type": "DATA_ACCESS",
  "timestamp": "2025-08-07T07:23:55.053524",
  "user_id": null,
  "data_type": "vendor",
  "action": "GET",
  "record_id": 0,
  "ip_address": "127.0.0.1"
}
2025-08-07 12:54:05 | audit | INFO | Data Access: {
  "event_type": "DATA_ACCESS",
  "timestamp": "2025-08-07T07:24:05.110610",
  "user_id": null,
  "data_type": "vendor",
  "action": "GET",
  "record_id": 0,
  "ip_address": "127.0.0.1"
}
2025-08-07 12:54:06 | audit | INFO | Data Access: {
  "event_type": "DATA_ACCESS",
  "timestamp": "2025-08-07T07:24:06.892740",
  "user_id": null,
  "data_type": "vendor",
  "action": "GET",
  "record_id": 0,
  "ip_address": "127.0.0.1"
}
2025-08-07 12:55:23 | audit | INFO | Data Access: {
  "event_type": "DATA_ACCESS",
  "timestamp": "2025-08-07T07:25:23.906680",
  "user_id": null,
  "data_type": "vendor",
  "action": "GET",
  "record_id": 0,
  "ip_address": "127.0.0.1"
}
2025-08-07 12:55:35 | audit | INFO | Data Access: {
  "event_type": "DATA_ACCESS",
  "timestamp": "2025-08-07T07:25:35.578068",
  "user_id": null,
  "data_type": "vendor",
  "action": "GET",
  "record_id": 0,
  "ip_address": "127.0.0.1"
}
2025-08-07 12:55:37 | audit | INFO | Data Access: {
  "event_type": "DATA_ACCESS",
  "timestamp": "2025-08-07T07:25:37.171888",
  "user_id": null,
  "data_type": "vendor",
  "action": "GET",
  "record_id": 0,
  "ip_address": "127.0.0.1"
}
2025-08-07 12:55:43 | audit | INFO | Data Access: {
  "event_type": "DATA_ACCESS",
  "timestamp": "2025-08-07T07:25:43.534759",
  "user_id": null,
  "data_type": "vendor",
  "action": "GET",
  "record_id": 0,
  "ip_address": "127.0.0.1"
}
2025-08-07 12:56:00 | audit | INFO | Data Access: {
  "event_type": "DATA_ACCESS",
  "timestamp": "2025-08-07T07:26:00.063938",
  "user_id": null,
  "data_type": "vendor",
  "action": "GET",
  "record_id": 0,
  "ip_address": "127.0.0.1"
}
2025-08-07 12:56:46 | audit | INFO | Data Access: {
  "event_type": "DATA_ACCESS",
  "timestamp": "2025-08-07T07:26:46.540159",
  "user_id": null,
  "data_type": "vendor",
  "action": "GET",
  "record_id": 0,
  "ip_address": "127.0.0.1"
}
2025-08-07 12:56:48 | audit | INFO | Data Access: {
  "event_type": "DATA_ACCESS",
  "timestamp": "2025-08-07T07:26:48.813630",
  "user_id": null,
  "data_type": "vendor",
  "action": "GET",
  "record_id": 0,
  "ip_address": "127.0.0.1"
}
2025-08-07 12:56:50 | audit | INFO | Data Access: {
  "event_type": "DATA_ACCESS",
  "timestamp": "2025-08-07T07:26:50.034684",
  "user_id": null,
  "data_type": "vendor",
  "action": "GET",
  "record_id": 0,
  "ip_address": "127.0.0.1"
}
2025-08-07 12:56:52 | audit | INFO | Data Access: {
  "event_type": "DATA_ACCESS",
  "timestamp": "2025-08-07T07:26:52.010386",
  "user_id": null,
  "data_type": "vendor",
  "action": "GET",
  "record_id": 0,
  "ip_address": "127.0.0.1"
}
2025-08-07 12:57:17 | audit | INFO | Data Access: {
  "event_type": "DATA_ACCESS",
  "timestamp": "2025-08-07T07:27:17.042122",
  "user_id": null,
  "data_type": "vendor",
  "action": "GET",
  "record_id": 0,
  "ip_address": "127.0.0.1"
}
2025-08-07 12:57:17 | audit | INFO | Data Access: {
  "event_type": "DATA_ACCESS",
  "timestamp": "2025-08-07T07:27:17.588870",
  "user_id": null,
  "data_type": "vendor",
  "action": "GET",
  "record_id": 0,
  "ip_address": "127.0.0.1"
}
2025-08-07 12:57:33 | audit | INFO | Data Access: {
  "event_type": "DATA_ACCESS",
  "timestamp": "2025-08-07T07:27:33.029239",
  "user_id": null,
  "data_type": "vendor",
  "action": "GET",
  "record_id": 0,
  "ip_address": "127.0.0.1"
}
2025-08-07 12:57:52 | audit | INFO | Data Access: {
  "event_type": "DATA_ACCESS",
  "timestamp": "2025-08-07T07:27:52.878930",
  "user_id": null,
  "data_type": "vendor",
  "action": "GET",
  "record_id": 0,
  "ip_address": "127.0.0.1"
}
2025-08-07 12:57:55 | audit | INFO | Data Access: {
  "event_type": "DATA_ACCESS",
  "timestamp": "2025-08-07T07:27:55.835935",
  "user_id": null,
  "data_type": "vendor",
  "action": "GET",
  "record_id": 11,
  "ip_address": "127.0.0.1"
}
2025-08-07 12:57:58 | audit | INFO | Data Access: {
  "event_type": "DATA_ACCESS",
  "timestamp": "2025-08-07T07:27:58.208978",
  "user_id": null,
  "data_type": "vendor",
  "action": "GET",
  "record_id": 11,
  "ip_address": "127.0.0.1"
}
2025-08-07 12:57:59 | audit | INFO | Data Access: {
  "event_type": "DATA_ACCESS",
  "timestamp": "2025-08-07T07:27:59.891277",
  "user_id": null,
  "data_type": "vendor",
  "action": "GET",
  "record_id": 0,
  "ip_address": "127.0.0.1"
}
2025-08-07 12:58:13 | audit | INFO | Data Access: {
  "event_type": "DATA_ACCESS",
  "timestamp": "2025-08-07T07:28:13.768457",
  "user_id": null,
  "data_type": "vendor",
  "action": "GET",
  "record_id": 0,
  "ip_address": "127.0.0.1"
}
2025-08-07 12:58:18 | audit | INFO | Data Access: {
  "event_type": "DATA_ACCESS",
  "timestamp": "2025-08-07T07:28:18.224918",
  "user_id": null,
  "data_type": "vendor",
  "action": "GET",
  "record_id": 0,
  "ip_address": "127.0.0.1"
}
2025-08-07 13:00:47 | audit | INFO | Data Access: {
  "event_type": "DATA_ACCESS",
  "timestamp": "2025-08-07T07:30:47.315586",
  "user_id": null,
  "data_type": "vendor",
  "action": "GET",
  "record_id": 0,
  "ip_address": "127.0.0.1"
}
2025-08-07 13:00:50 | audit | INFO | Data Access: {
  "event_type": "DATA_ACCESS",
  "timestamp": "2025-08-07T07:30:50.478157",
  "user_id": null,
  "data_type": "vendor",
  "action": "GET",
  "record_id": 0,
  "ip_address": "127.0.0.1"
}
2025-08-07 13:00:58 | audit | INFO | Data Access: {
  "event_type": "DATA_ACCESS",
  "timestamp": "2025-08-07T07:30:58.060898",
  "user_id": null,
  "data_type": "vendor",
  "action": "GET",
  "record_id": 0,
  "ip_address": "127.0.0.1"
}
2025-08-07 13:01:36 | audit | INFO | Data Access: {
  "event_type": "DATA_ACCESS",
  "timestamp": "2025-08-07T07:31:36.796882",
  "user_id": null,
  "data_type": "vendor",
  "action": "GET",
  "record_id": 11,
  "ip_address": "127.0.0.1"
}
2025-08-07 13:01:39 | audit | INFO | Data Access: {
  "event_type": "DATA_ACCESS",
  "timestamp": "2025-08-07T07:31:39.107227",
  "user_id": null,
  "data_type": "vendor",
  "action": "GET",
  "record_id": 11,
  "ip_address": "127.0.0.1"
}
2025-08-07 13:01:40 | audit | INFO | Data Access: {
  "event_type": "DATA_ACCESS",
  "timestamp": "2025-08-07T07:31:40.123576",
  "user_id": null,
  "data_type": "vendor",
  "action": "GET",
  "record_id": 11,
  "ip_address": "127.0.0.1"
}
2025-08-07 13:01:41 | audit | INFO | Data Access: {
  "event_type": "DATA_ACCESS",
  "timestamp": "2025-08-07T07:31:41.463337",
  "user_id": null,
  "data_type": "vendor",
  "action": "GET",
  "record_id": 0,
  "ip_address": "127.0.0.1"
}
2025-08-07 13:01:52 | audit | INFO | Data Access: {
  "event_type": "DATA_ACCESS",
  "timestamp": "2025-08-07T07:31:52.377631",
  "user_id": null,
  "data_type": "vendor",
  "action": "GET",
  "record_id": 0,
  "ip_address": "127.0.0.1"
}
2025-08-07 13:02:29 | audit | INFO | Data Access: {
  "event_type": "DATA_ACCESS",
  "timestamp": "2025-08-07T07:32:29.525347",
  "user_id": null,
  "data_type": "vendor",
  "action": "GET",
  "record_id": 0,
  "ip_address": "127.0.0.1"
}
2025-08-07 13:05:36 | audit | INFO | Data Access: {
  "event_type": "DATA_ACCESS",
  "timestamp": "2025-08-07T07:35:36.474358",
  "user_id": null,
  "data_type": "vendor",
  "action": "GET",
  "record_id": 0,
  "ip_address": "127.0.0.1"
}
2025-08-07 13:05:44 | audit | INFO | Data Access: {
  "event_type": "DATA_ACCESS",
  "timestamp": "2025-08-07T07:35:44.645699",
  "user_id": null,
  "data_type": "vendor",
  "action": "GET",
  "record_id": 0,
  "ip_address": "127.0.0.1"
}
2025-08-07 13:07:19 | audit | INFO | Data Access: {
  "event_type": "DATA_ACCESS",
  "timestamp": "2025-08-07T07:37:19.000110",
  "user_id": null,
  "data_type": "vendor",
  "action": "GET",
  "record_id": 0,
  "ip_address": "127.0.0.1"
}
2025-08-07 13:07:39 | audit | INFO | Data Access: {
  "event_type": "DATA_ACCESS",
  "timestamp": "2025-08-07T07:37:39.165995",
  "user_id": null,
  "data_type": "vendor",
  "action": "GET",
  "record_id": 0,
  "ip_address": "127.0.0.1"
}
2025-08-07 13:07:51 | audit | INFO | Data Access: {
  "event_type": "DATA_ACCESS",
  "timestamp": "2025-08-07T07:37:51.970548",
  "user_id": null,
  "data_type": "vendor",
  "action": "GET",
  "record_id": 0,
  "ip_address": "127.0.0.1"
}
2025-08-07 13:08:00 | audit | INFO | Data Access: {
  "event_type": "DATA_ACCESS",
  "timestamp": "2025-08-07T07:38:00.084700",
  "user_id": null,
  "data_type": "vendor",
  "action": "GET",
  "record_id": 0,
  "ip_address": "127.0.0.1"
}
2025-08-07 13:10:20 | audit | INFO | Data Access: {
  "event_type": "DATA_ACCESS",
  "timestamp": "2025-08-07T07:40:20.069040",
  "user_id": null,
  "data_type": "vendor",
  "action": "GET",
  "record_id": 0,
  "ip_address": "127.0.0.1"
}
2025-08-07 13:10:38 | audit | INFO | Data Access: {
  "event_type": "DATA_ACCESS",
  "timestamp": "2025-08-07T07:40:38.503166",
  "user_id": null,
  "data_type": "vendor",
  "action": "GET",
  "record_id": 7,
  "ip_address": "127.0.0.1"
}
2025-08-07 13:10:39 | audit | INFO | Data Access: {
  "event_type": "DATA_ACCESS",
  "timestamp": "2025-08-07T07:40:39.720917",
  "user_id": null,
  "data_type": "vendor",
  "action": "GET",
  "record_id": 7,
  "ip_address": "127.0.0.1"
}
2025-08-07 13:10:41 | audit | INFO | Data Access: {
  "event_type": "DATA_ACCESS",
  "timestamp": "2025-08-07T07:40:41.063069",
  "user_id": null,
  "data_type": "vendor",
  "action": "GET",
  "record_id": 7,
  "ip_address": "127.0.0.1"
}
2025-08-07 13:13:19 | audit | INFO | Data Access: {
  "event_type": "DATA_ACCESS",
  "timestamp": "2025-08-07T07:43:19.531660",
  "user_id": null,
  "data_type": "vendor",
  "action": "GET",
  "record_id": 7,
  "ip_address": "127.0.0.1"
}
2025-08-07 13:13:20 | audit | INFO | Data Access: {
  "event_type": "DATA_ACCESS",
  "timestamp": "2025-08-07T07:43:20.341752",
  "user_id": null,
  "data_type": "vendor",
  "action": "GET",
  "record_id": 7,
  "ip_address": "127.0.0.1"
}
2025-08-07 13:13:21 | audit | INFO | Data Access: {
  "event_type": "DATA_ACCESS",
  "timestamp": "2025-08-07T07:43:21.087814",
  "user_id": null,
  "data_type": "vendor",
  "action": "GET",
  "record_id": 7,
  "ip_address": "127.0.0.1"
}
2025-08-07 13:13:21 | audit | INFO | Data Access: {
  "event_type": "DATA_ACCESS",
  "timestamp": "2025-08-07T07:43:21.649819",
  "user_id": null,
  "data_type": "vendor",
  "action": "GET",
  "record_id": 0,
  "ip_address": "127.0.0.1"
}
2025-08-07 13:13:40 | audit | INFO | Data Access: {
  "event_type": "DATA_ACCESS",
  "timestamp": "2025-08-07T07:43:40.463953",
  "user_id": null,
  "data_type": "vendor",
  "action": "GET",
  "record_id": 11,
  "ip_address": "127.0.0.1"
}
2025-08-07 13:14:40 | audit | INFO | Data Access: {
  "event_type": "DATA_ACCESS",
  "timestamp": "2025-08-07T07:44:40.704094",
  "user_id": null,
  "data_type": "vendor",
  "action": "GET",
  "record_id": 11,
  "ip_address": "127.0.0.1"
}
2025-08-07 13:14:55 | audit | INFO | Data Access: {
  "event_type": "DATA_ACCESS",
  "timestamp": "2025-08-07T07:44:55.001622",
  "user_id": null,
  "data_type": "vendor",
  "action": "GET",
  "record_id": 11,
  "ip_address": "127.0.0.1"
}
2025-08-07 13:15:31 | audit | INFO | Data Access: {
  "event_type": "DATA_ACCESS",
  "timestamp": "2025-08-07T07:45:31.855350",
  "user_id": null,
  "data_type": "vendor",
  "action": "GET",
  "record_id": 11,
  "ip_address": "127.0.0.1"
}
2025-08-07 13:15:33 | audit | INFO | Data Access: {
  "event_type": "DATA_ACCESS",
  "timestamp": "2025-08-07T07:45:33.159929",
  "user_id": null,
  "data_type": "vendor",
  "action": "GET",
  "record_id": 11,
  "ip_address": "127.0.0.1"
}
2025-08-07 13:15:33 | audit | INFO | Data Access: {
  "event_type": "DATA_ACCESS",
  "timestamp": "2025-08-07T07:45:33.843697",
  "user_id": null,
  "data_type": "vendor",
  "action": "GET",
  "record_id": 11,
  "ip_address": "127.0.0.1"
}
2025-08-07 13:15:34 | audit | INFO | Data Access: {
  "event_type": "DATA_ACCESS",
  "timestamp": "2025-08-07T07:45:34.446283",
  "user_id": null,
  "data_type": "vendor",
  "action": "GET",
  "record_id": 11,
  "ip_address": "127.0.0.1"
}
2025-08-07 13:15:35 | audit | INFO | Data Access: {
  "event_type": "DATA_ACCESS",
  "timestamp": "2025-08-07T07:45:35.080195",
  "user_id": null,
  "data_type": "vendor",
  "action": "GET",
  "record_id": 11,
  "ip_address": "127.0.0.1"
}
2025-08-07 13:15:36 | audit | INFO | Data Access: {
  "event_type": "DATA_ACCESS",
  "timestamp": "2025-08-07T07:45:36.013017",
  "user_id": null,
  "data_type": "vendor",
  "action": "GET",
  "record_id": 11,
  "ip_address": "127.0.0.1"
}
2025-08-07 13:17:38 | audit | INFO | Data Access: {
  "event_type": "DATA_ACCESS",
  "timestamp": "2025-08-07T07:47:38.257219",
  "user_id": null,
  "data_type": "vendor",
  "action": "GET",
  "record_id": 11,
  "ip_address": "127.0.0.1"
}
2025-08-07 13:17:39 | audit | INFO | Data Access: {
  "event_type": "DATA_ACCESS",
  "timestamp": "2025-08-07T07:47:39.127740",
  "user_id": null,
  "data_type": "vendor",
  "action": "GET",
  "record_id": 11,
  "ip_address": "127.0.0.1"
}
2025-08-07 13:17:39 | audit | INFO | Data Access: {
  "event_type": "DATA_ACCESS",
  "timestamp": "2025-08-07T07:47:39.789053",
  "user_id": null,
  "data_type": "vendor",
  "action": "GET",
  "record_id": 0,
  "ip_address": "127.0.0.1"
}
2025-08-07 13:17:41 | audit | INFO | Data Access: {
  "event_type": "DATA_ACCESS",
  "timestamp": "2025-08-07T07:47:41.479469",
  "user_id": null,
  "data_type": "vendor",
  "action": "GET",
  "record_id": 7,
  "ip_address": "127.0.0.1"
}
2025-08-07 13:17:43 | audit | INFO | Data Access: {
  "event_type": "DATA_ACCESS",
  "timestamp": "2025-08-07T07:47:43.146628",
  "user_id": null,
  "data_type": "vendor",
  "action": "GET",
  "record_id": 7,
  "ip_address": "127.0.0.1"
}
2025-08-07 13:20:09 | audit | INFO | Data Access: {
  "event_type": "DATA_ACCESS",
  "timestamp": "2025-08-07T07:50:09.311307",
  "user_id": null,
  "data_type": "vendor",
  "action": "GET",
  "record_id": 7,
  "ip_address": "127.0.0.1"
}
2025-08-07 13:20:29 | audit | INFO | Data Access: {
  "event_type": "DATA_ACCESS",
  "timestamp": "2025-08-07T07:50:29.019942",
  "user_id": null,
  "data_type": "vendor",
  "action": "GET",
  "record_id": 7,
  "ip_address": "127.0.0.1"
}
2025-08-07 13:20:45 | audit | INFO | Data Access: {
  "event_type": "DATA_ACCESS",
  "timestamp": "2025-08-07T07:50:45.817625",
  "user_id": null,
  "data_type": "vendor",
  "action": "OPTIONS",
  "record_id": 7,
  "ip_address": "127.0.0.1"
}
2025-08-07 13:20:45 | audit | INFO | Data Access: {
  "event_type": "DATA_ACCESS",
  "timestamp": "2025-08-07T07:50:45.824217",
  "user_id": null,
  "data_type": "vendor",
  "action": "GET",
  "record_id": 7,
  "ip_address": "127.0.0.1"
}
2025-08-07 13:41:27 | audit | INFO | Data Access: {
  "event_type": "DATA_ACCESS",
  "timestamp": "2025-08-07T08:11:27.169493",
  "user_id": null,
  "data_type": "vendor",
  "action": "GET",
  "record_id": 0,
  "ip_address": "127.0.0.1"
}
2025-08-07 13:41:29 | audit | INFO | Data Access: {
  "event_type": "DATA_ACCESS",
  "timestamp": "2025-08-07T08:11:29.215522",
  "user_id": null,
  "data_type": "vendor",
  "action": "GET",
  "record_id": 0,
  "ip_address": "127.0.0.1"
}
2025-08-07 13:41:30 | audit | INFO | Data Access: {
  "event_type": "DATA_ACCESS",
  "timestamp": "2025-08-07T08:11:30.906527",
  "user_id": null,
  "data_type": "vendor",
  "action": "GET",
  "record_id": 0,
  "ip_address": "127.0.0.1"
}
2025-08-07 13:41:36 | audit | INFO | Data Access: {
  "event_type": "DATA_ACCESS",
  "timestamp": "2025-08-07T08:11:36.645139",
  "user_id": null,
  "data_type": "vendor",
  "action": "GET",
  "record_id": 11,
  "ip_address": "127.0.0.1"
}
2025-08-07 13:42:43 | audit | INFO | Data Access: {
  "event_type": "DATA_ACCESS",
  "timestamp": "2025-08-07T08:12:43.018693",
  "user_id": null,
  "data_type": "vendor",
  "action": "GET",
  "record_id": 0,
  "ip_address": "127.0.0.1"
}
2025-08-07 13:42:43 | audit | INFO | Data Access: {
  "event_type": "DATA_ACCESS",
  "timestamp": "2025-08-07T08:12:43.826873",
  "user_id": null,
  "data_type": "vendor",
  "action": "GET",
  "record_id": 0,
  "ip_address": "127.0.0.1"
}
2025-08-07 14:04:45 | audit | INFO | Data Access: {
  "event_type": "DATA_ACCESS",
  "timestamp": "2025-08-07T08:34:45.186858",
  "user_id": null,
  "data_type": "vendor",
  "action": "GET",
  "record_id": 0,
  "ip_address": "127.0.0.1"
}
2025-08-07 14:05:05 | audit | INFO | Data Access: {
  "event_type": "DATA_ACCESS",
  "timestamp": "2025-08-07T08:35:05.462109",
  "user_id": null,
  "data_type": "vendor",
  "action": "GET",
  "record_id": 0,
  "ip_address": "127.0.0.1"
}
2025-08-07 14:05:29 | audit | INFO | Data Access: {
  "event_type": "DATA_ACCESS",
  "timestamp": "2025-08-07T08:35:29.517368",
  "user_id": null,
  "data_type": "vendor",
  "action": "GET",
  "record_id": 0,
  "ip_address": "127.0.0.1"
}
2025-08-07 14:07:32 | audit | INFO | Data Access: {
  "event_type": "DATA_ACCESS",
  "timestamp": "2025-08-07T08:37:32.822782",
  "user_id": null,
  "data_type": "vendor",
  "action": "GET",
  "record_id": 0,
  "ip_address": "127.0.0.1"
}
2025-08-07 14:18:40 | audit | INFO | Data Access: {
  "event_type": "DATA_ACCESS",
  "timestamp": "2025-08-07T08:48:40.370518",
  "user_id": null,
  "data_type": "vendor",
  "action": "GET",
  "record_id": 0,
  "ip_address": "127.0.0.1"
}
2025-08-07 14:18:50 | audit | INFO | Data Access: {
  "event_type": "DATA_ACCESS",
  "timestamp": "2025-08-07T08:48:50.432561",
  "user_id": null,
  "data_type": "vendor",
  "action": "GET",
  "record_id": 0,
  "ip_address": "127.0.0.1"
}
2025-08-07 14:19:39 | audit | INFO | Data Access: {
  "event_type": "DATA_ACCESS",
  "timestamp": "2025-08-07T08:49:39.876820",
  "user_id": null,
  "data_type": "vendor",
  "action": "GET",
  "record_id": 0,
  "ip_address": "127.0.0.1"
}
2025-08-07 14:59:01 | audit | INFO | Data Access: {
  "event_type": "DATA_ACCESS",
  "timestamp": "2025-08-07T09:29:01.036366",
  "user_id": null,
  "data_type": "vendor",
  "action": "OPTIONS",
  "record_id": 0,
  "ip_address": "127.0.0.1"
}
2025-08-07 14:59:01 | audit | INFO | Vendor Registration: {
  "event_type": "VENDOR_REGISTRATION",
  "timestamp": "2025-08-07T09:29:01.142783",
  "user_id": null,
  "ip_address": "127.0.0.1",
  "vendor_email": "welspun@corporate.com",
  "company_name": "Welspun Corporate Limited ",
  "country_origin": "IN",
  "supplier_type": "manufacturer",
  "msme_status": "non_msme",
  "compliance_fields": {
    "pan_number": "ABCDE1234F",
    "gst_number": "22ABCDE1234F1Z5",
    "gta_registration": "no"
  },
  "agreements_accepted": {
    "nda": true,
    "sqa": true,
    "four_m": true,
    "code_of_conduct": true,
    "compliance_agreement": true,
    "self_declaration": true
  }
}
2025-08-07 14:59:01 | audit | INFO | Data Access: {
  "event_type": "DATA_ACCESS",
  "timestamp": "2025-08-07T09:29:01.146027",
  "user_id": null,
  "data_type": "vendor",
  "action": "POST",
  "record_id": 0,
  "ip_address": "127.0.0.1"
}
2025-08-07 14:59:12 | audit | INFO | Data Access: {
  "event_type": "DATA_ACCESS",
  "timestamp": "2025-08-07T09:29:12.570342",
  "user_id": null,
  "data_type": "vendor",
  "action": "GET",
  "record_id": 0,
  "ip_address": "127.0.0.1"
}
2025-08-07 14:59:35 | audit | INFO | Data Access: {
  "event_type": "DATA_ACCESS",
  "timestamp": "2025-08-07T09:29:35.085734",
  "user_id": null,
  "data_type": "vendor",
  "action": "GET",
  "record_id": 12,
  "ip_address": "127.0.0.1"
}
2025-08-07 15:01:06 | audit | INFO | Data Access: {
  "event_type": "DATA_ACCESS",
  "timestamp": "2025-08-07T09:31:06.367893",
  "user_id": null,
  "data_type": "vendor",
  "action": "GET",
  "record_id": 0,
  "ip_address": "127.0.0.1"
}
2025-08-07 15:01:26 | audit | INFO | Data Access: {
  "event_type": "DATA_ACCESS",
  "timestamp": "2025-08-07T09:31:26.748032",
  "user_id": null,
  "data_type": "vendor",
  "action": "GET",
  "record_id": 0,
  "ip_address": "127.0.0.1"
}
2025-08-07 15:01:29 | audit | INFO | Data Access: {
  "event_type": "DATA_ACCESS",
  "timestamp": "2025-08-07T09:31:29.810369",
  "user_id": null,
  "data_type": "vendor",
  "action": "GET",
  "record_id": 12,
  "ip_address": "127.0.0.1"
}
2025-08-07 15:05:04 | audit | INFO | Data Access: {
  "event_type": "DATA_ACCESS",
  "timestamp": "2025-08-07T09:35:04.628047",
  "user_id": null,
  "data_type": "vendor",
  "action": "GET",
  "record_id": 0,
  "ip_address": "127.0.0.1"
}
2025-08-07 15:05:15 | audit | INFO | Data Access: {
  "event_type": "DATA_ACCESS",
  "timestamp": "2025-08-07T09:35:15.667156",
  "user_id": null,
  "data_type": "vendor",
  "action": "GET",
  "record_id": 0,
  "ip_address": "127.0.0.1"
}
2025-08-07 15:05:19 | audit | INFO | Data Access: {
  "event_type": "DATA_ACCESS",
  "timestamp": "2025-08-07T09:35:19.159372",
  "user_id": null,
  "data_type": "vendor",
  "action": "GET",
  "record_id": 0,
  "ip_address": "127.0.0.1"
}
2025-08-07 15:05:27 | audit | INFO | Data Access: {
  "event_type": "DATA_ACCESS",
  "timestamp": "2025-08-07T09:35:27.406000",
  "user_id": null,
  "data_type": "vendor",
  "action": "GET",
  "record_id": 0,
  "ip_address": "127.0.0.1"
}
2025-08-07 15:05:30 | audit | INFO | Data Access: {
  "event_type": "DATA_ACCESS",
  "timestamp": "2025-08-07T09:35:30.028947",
  "user_id": null,
  "data_type": "vendor",
  "action": "GET",
  "record_id": 12,
  "ip_address": "127.0.0.1"
}
2025-08-07 15:06:30 | audit | INFO | Data Access: {
  "event_type": "DATA_ACCESS",
  "timestamp": "2025-08-07T09:36:30.375559",
  "user_id": null,
  "data_type": "vendor",
  "action": "GET",
  "record_id": 0,
  "ip_address": "127.0.0.1"
}
2025-08-07 15:07:09 | audit | INFO | Data Access: {
  "event_type": "DATA_ACCESS",
  "timestamp": "2025-08-07T09:37:09.469699",
  "user_id": null,
  "data_type": "vendor",
  "action": "GET",
  "record_id": 0,
  "ip_address": "127.0.0.1"
}
2025-08-07 15:07:12 | audit | INFO | Data Access: {
  "event_type": "DATA_ACCESS",
  "timestamp": "2025-08-07T09:37:12.521358",
  "user_id": null,
  "data_type": "vendor",
  "action": "GET",
  "record_id": 12,
  "ip_address": "127.0.0.1"
}
2025-08-07 15:09:31 | audit | INFO | Data Access: {
  "event_type": "DATA_ACCESS",
  "timestamp": "2025-08-07T09:39:31.671350",
  "user_id": null,
  "data_type": "vendor",
  "action": "GET",
  "record_id": 0,
  "ip_address": "127.0.0.1"
}
2025-08-07 15:10:06 | audit | INFO | Data Access: {
  "event_type": "DATA_ACCESS",
  "timestamp": "2025-08-07T09:40:06.582756",
  "user_id": null,
  "data_type": "vendor",
  "action": "GET",
  "record_id": 0,
  "ip_address": "127.0.0.1"
}
2025-08-07 15:10:16 | audit | INFO | Data Access: {
  "event_type": "DATA_ACCESS",
  "timestamp": "2025-08-07T09:40:16.890072",
  "user_id": null,
  "data_type": "vendor",
  "action": "GET",
  "record_id": 0,
  "ip_address": "127.0.0.1"
}
2025-08-07 15:10:35 | audit | INFO | Data Access: {
  "event_type": "DATA_ACCESS",
  "timestamp": "2025-08-07T09:40:35.925572",
  "user_id": null,
  "data_type": "vendor",
  "action": "GET",
  "record_id": 0,
  "ip_address": "127.0.0.1"
}
2025-08-07 15:10:39 | audit | INFO | Data Access: {
  "event_type": "DATA_ACCESS",
  "timestamp": "2025-08-07T09:40:39.388650",
  "user_id": null,
  "data_type": "vendor",
  "action": "GET",
  "record_id": 0,
  "ip_address": "127.0.0.1"
}
2025-08-07 15:11:15 | audit | INFO | Data Access: {
  "event_type": "DATA_ACCESS",
  "timestamp": "2025-08-07T09:41:15.854691",
  "user_id": null,
  "data_type": "vendor",
  "action": "GET",
  "record_id": 0,
  "ip_address": "127.0.0.1"
}
2025-08-07 15:11:46 | audit | INFO | Data Access: {
  "event_type": "DATA_ACCESS",
  "timestamp": "2025-08-07T09:41:46.986955",
  "user_id": null,
  "data_type": "vendor",
  "action": "GET",
  "record_id": 12,
  "ip_address": "127.0.0.1"
}
2025-08-07 15:12:30 | audit | INFO | Data Access: {
  "event_type": "DATA_ACCESS",
  "timestamp": "2025-08-07T09:42:30.602386",
  "user_id": null,
  "data_type": "vendor",
  "action": "GET",
  "record_id": 0,
  "ip_address": "127.0.0.1"
}
2025-08-07 15:12:32 | audit | INFO | Data Access: {
  "event_type": "DATA_ACCESS",
  "timestamp": "2025-08-07T09:42:32.239064",
  "user_id": null,
  "data_type": "vendor",
  "action": "GET",
  "record_id": 12,
  "ip_address": "127.0.0.1"
}
2025-08-07 15:13:55 | audit | INFO | Data Access: {
  "event_type": "DATA_ACCESS",
  "timestamp": "2025-08-07T09:43:55.285106",
  "user_id": null,
  "data_type": "vendor",
  "action": "GET",
  "record_id": 0,
  "ip_address": "127.0.0.1"
}
2025-08-07 15:14:00 | audit | INFO | Data Access: {
  "event_type": "DATA_ACCESS",
  "timestamp": "2025-08-07T09:44:00.834129",
  "user_id": null,
  "data_type": "vendor",
  "action": "GET",
  "record_id": 0,
  "ip_address": "127.0.0.1"
}
2025-08-07 15:14:38 | audit | INFO | Data Access: {
  "event_type": "DATA_ACCESS",
  "timestamp": "2025-08-07T09:44:38.965137",
  "user_id": null,
  "data_type": "vendor",
  "action": "GET",
  "record_id": 0,
  "ip_address": "127.0.0.1"
}
2025-08-07 15:14:41 | audit | INFO | Data Access: {
  "event_type": "DATA_ACCESS",
  "timestamp": "2025-08-07T09:44:41.373243",
  "user_id": null,
  "data_type": "vendor",
  "action": "GET",
  "record_id": 0,
  "ip_address": "127.0.0.1"
}
2025-08-07 15:15:12 | audit | INFO | Data Access: {
  "event_type": "DATA_ACCESS",
  "timestamp": "2025-08-07T09:45:12.755710",
  "user_id": null,
  "data_type": "vendor",
  "action": "GET",
  "record_id": 0,
  "ip_address": "127.0.0.1"
}
2025-08-07 15:15:14 | audit | INFO | Data Access: {
  "event_type": "DATA_ACCESS",
  "timestamp": "2025-08-07T09:45:14.640017",
  "user_id": null,
  "data_type": "vendor",
  "action": "GET",
  "record_id": 0,
  "ip_address": "127.0.0.1"
}
2025-08-07 15:15:59 | audit | INFO | Data Access: {
  "event_type": "DATA_ACCESS",
  "timestamp": "2025-08-07T09:45:59.948098",
  "user_id": null,
  "data_type": "vendor",
  "action": "GET",
  "record_id": 0,
  "ip_address": "127.0.0.1"
}
2025-08-07 15:16:02 | audit | INFO | Data Access: {
  "event_type": "DATA_ACCESS",
  "timestamp": "2025-08-07T09:46:02.695129",
  "user_id": null,
  "data_type": "vendor",
  "action": "GET",
  "record_id": 12,
  "ip_address": "127.0.0.1"
}
2025-08-07 15:19:58 | audit | INFO | Data Access: {
  "event_type": "DATA_ACCESS",
  "timestamp": "2025-08-07T09:49:58.327875",
  "user_id": null,
  "data_type": "vendor",
  "action": "GET",
  "record_id": 12,
  "ip_address": "127.0.0.1"
}
2025-08-07 15:22:25 | audit | INFO | Data Access: {
  "event_type": "DATA_ACCESS",
  "timestamp": "2025-08-07T09:52:25.586423",
  "user_id": null,
  "data_type": "vendor",
  "action": "GET",
  "record_id": 0,
  "ip_address": "127.0.0.1"
}
2025-08-07 15:22:27 | audit | INFO | Data Access: {
  "event_type": "DATA_ACCESS",
  "timestamp": "2025-08-07T09:52:27.725345",
  "user_id": null,
  "data_type": "vendor",
  "action": "GET",
  "record_id": 11,
  "ip_address": "127.0.0.1"
}
2025-08-07 15:24:46 | audit | INFO | Data Access: {
  "event_type": "DATA_ACCESS",
  "timestamp": "2025-08-07T09:54:46.588564",
  "user_id": null,
  "data_type": "vendor",
  "action": "GET",
  "record_id": 11,
  "ip_address": "127.0.0.1"
}
2025-08-07 15:26:00 | audit | INFO | Data Access: {
  "event_type": "DATA_ACCESS",
  "timestamp": "2025-08-07T09:56:00.088516",
  "user_id": null,
  "data_type": "vendor",
  "action": "GET",
  "record_id": 11,
  "ip_address": "127.0.0.1"
}
2025-08-07 15:26:26 | audit | INFO | Data Access: {
  "event_type": "DATA_ACCESS",
  "timestamp": "2025-08-07T09:56:26.275157",
  "user_id": null,
  "data_type": "vendor",
  "action": "GET",
  "record_id": 11,
  "ip_address": "127.0.0.1"
}
2025-08-07 15:40:25 | audit | INFO | Data Access: {
  "event_type": "DATA_ACCESS",
  "timestamp": "2025-08-07T10:10:25.564272",
  "user_id": null,
  "data_type": "vendor",
  "action": "GET",
  "record_id": 0,
  "ip_address": "127.0.0.1"
}
2025-08-07 15:40:33 | audit | INFO | Data Access: {
  "event_type": "DATA_ACCESS",
  "timestamp": "2025-08-07T10:10:33.603603",
  "user_id": null,
  "data_type": "vendor",
  "action": "GET",
  "record_id": 12,
  "ip_address": "127.0.0.1"
}
2025-08-07 15:41:11 | audit | INFO | Data Access: {
  "event_type": "DATA_ACCESS",
  "timestamp": "2025-08-07T10:11:11.543200",
  "user_id": null,
  "data_type": "vendor",
  "action": "GET",
  "record_id": 0,
  "ip_address": "127.0.0.1"
}
2025-08-07 15:41:22 | audit | INFO | Data Access: {
  "event_type": "DATA_ACCESS",
  "timestamp": "2025-08-07T10:11:22.246317",
  "user_id": null,
  "data_type": "vendor",
  "action": "GET",
  "record_id": 12,
  "ip_address": "127.0.0.1"
}
2025-08-07 15:46:40 | audit | INFO | Data Access: {
  "event_type": "DATA_ACCESS",
  "timestamp": "2025-08-07T10:16:40.463337",
  "user_id": null,
  "data_type": "vendor",
  "action": "GET",
  "record_id": 12,
  "ip_address": "127.0.0.1"
}
2025-08-07 15:47:09 | audit | INFO | Data Access: {
  "event_type": "DATA_ACCESS",
  "timestamp": "2025-08-07T10:17:09.960375",
  "user_id": null,
  "data_type": "vendor",
  "action": "GET",
  "record_id": 12,
  "ip_address": "127.0.0.1"
}
2025-08-07 15:51:19 | audit | INFO | Data Access: {
  "event_type": "DATA_ACCESS",
  "timestamp": "2025-08-07T10:21:19.392928",
  "user_id": null,
  "data_type": "vendor",
  "action": "GET",
  "record_id": 12,
  "ip_address": "127.0.0.1"
}
2025-08-07 15:51:49 | audit | INFO | Data Access: {
  "event_type": "DATA_ACCESS",
  "timestamp": "2025-08-07T10:21:49.471234",
  "user_id": null,
  "data_type": "vendor",
  "action": "GET",
  "record_id": 12,
  "ip_address": "127.0.0.1"
}
2025-08-07 15:53:53 | audit | INFO | Data Access: {
  "event_type": "DATA_ACCESS",
  "timestamp": "2025-08-07T10:23:53.439239",
  "user_id": null,
  "data_type": "vendor",
  "action": "GET",
  "record_id": 0,
  "ip_address": "127.0.0.1"
}
2025-08-07 15:53:56 | audit | INFO | Data Access: {
  "event_type": "DATA_ACCESS",
  "timestamp": "2025-08-07T10:23:56.719962",
  "user_id": null,
  "data_type": "vendor",
  "action": "GET",
  "record_id": 10,
  "ip_address": "127.0.0.1"
}
2025-08-07 15:58:27 | audit | INFO | Data Access: {
  "event_type": "DATA_ACCESS",
  "timestamp": "2025-08-07T10:28:27.192013",
  "user_id": null,
  "data_type": "vendor",
  "action": "GET",
  "record_id": 10,
  "ip_address": "127.0.0.1"
}
2025-08-07 15:59:08 | audit | INFO | Data Access: {
  "event_type": "DATA_ACCESS",
  "timestamp": "2025-08-07T10:29:08.496684",
  "user_id": null,
  "data_type": "vendor",
  "action": "GET",
  "record_id": 10,
  "ip_address": "127.0.0.1"
}
2025-08-07 15:59:21 | audit | INFO | Data Access: {
  "event_type": "DATA_ACCESS",
  "timestamp": "2025-08-07T10:29:21.356885",
  "user_id": null,
  "data_type": "document",
  "action": "OPTIONS",
  "record_id": 10,
  "ip_address": "127.0.0.1"
}
2025-08-07 15:59:21 | audit | INFO | Data Access: {
  "event_type": "DATA_ACCESS",
  "timestamp": "2025-08-07T10:29:21.362122",
  "user_id": null,
  "data_type": "document",
  "action": "OPTIONS",
  "record_id": 10,
  "ip_address": "127.0.0.1"
}
2025-08-07 15:59:21 | audit | INFO | Data Access: {
  "event_type": "DATA_ACCESS",
  "timestamp": "2025-08-07T10:29:21.549103",
  "user_id": null,
  "data_type": "document",
  "action": "GET",
  "record_id": 10,
  "ip_address": "127.0.0.1"
}
2025-08-07 15:59:21 | audit | INFO | Data Access: {
  "event_type": "DATA_ACCESS",
  "timestamp": "2025-08-07T10:29:21.552374",
  "user_id": null,
  "data_type": "document",
  "action": "GET",
  "record_id": 10,
  "ip_address": "127.0.0.1"
}
2025-08-07 16:00:55 | audit | INFO | Data Access: {
  "event_type": "DATA_ACCESS",
  "timestamp": "2025-08-07T10:30:55.301352",
  "user_id": null,
  "data_type": "document",
  "action": "GET",
  "record_id": 10,
  "ip_address": "127.0.0.1"
}
2025-08-07 16:00:55 | audit | INFO | Data Access: {
  "event_type": "DATA_ACCESS",
  "timestamp": "2025-08-07T10:30:55.305768",
  "user_id": null,
  "data_type": "document",
  "action": "GET",
  "record_id": 10,
  "ip_address": "127.0.0.1"
}
2025-08-07 16:01:03 | audit | INFO | Data Access: {
  "event_type": "DATA_ACCESS",
  "timestamp": "2025-08-07T10:31:03.622741",
  "user_id": null,
  "data_type": "document",
  "action": "GET",
  "record_id": 10,
  "ip_address": "127.0.0.1"
}
2025-08-07 16:01:03 | audit | INFO | Data Access: {
  "event_type": "DATA_ACCESS",
  "timestamp": "2025-08-07T10:31:03.623268",
  "user_id": null,
  "data_type": "document",
  "action": "GET",
  "record_id": 10,
  "ip_address": "127.0.0.1"
}
2025-08-07 16:02:17 | audit | INFO | Data Access: {
  "event_type": "DATA_ACCESS",
  "timestamp": "2025-08-07T10:32:17.988650",
  "user_id": null,
  "data_type": "vendor",
  "action": "GET",
  "record_id": 10,
  "ip_address": "127.0.0.1"
}
2025-08-07 16:03:00 | audit | INFO | Data Access: {
  "event_type": "DATA_ACCESS",
  "timestamp": "2025-08-07T10:33:00.596763",
  "user_id": null,
  "data_type": "vendor",
  "action": "GET",
  "record_id": 10,
  "ip_address": "127.0.0.1"
}
2025-08-07 16:03:29 | audit | INFO | Data Access: {
  "event_type": "DATA_ACCESS",
  "timestamp": "2025-08-07T10:33:29.420805",
  "user_id": null,
  "data_type": "vendor",
  "action": "GET",
  "record_id": 10,
  "ip_address": "127.0.0.1"
}
2025-08-07 16:03:36 | audit | INFO | Data Access: {
  "event_type": "DATA_ACCESS",
  "timestamp": "2025-08-07T10:33:36.935429",
  "user_id": null,
  "data_type": "document",
  "action": "GET",
  "record_id": 10,
  "ip_address": "127.0.0.1"
}
2025-08-07 16:03:36 | audit | INFO | Data Access: {
  "event_type": "DATA_ACCESS",
  "timestamp": "2025-08-07T10:33:36.939163",
  "user_id": null,
  "data_type": "document",
  "action": "GET",
  "record_id": 10,
  "ip_address": "127.0.0.1"
}
2025-08-07 16:03:43 | audit | INFO | Data Access: {
  "event_type": "DATA_ACCESS",
  "timestamp": "2025-08-07T10:33:43.869338",
  "user_id": null,
  "data_type": "document",
  "action": "GET",
  "record_id": 10,
  "ip_address": "127.0.0.1"
}
2025-08-07 16:03:43 | audit | INFO | Data Access: {
  "event_type": "DATA_ACCESS",
  "timestamp": "2025-08-07T10:33:43.872537",
  "user_id": null,
  "data_type": "document",
  "action": "GET",
  "record_id": 10,
  "ip_address": "127.0.0.1"
}
2025-08-07 16:04:02 | audit | INFO | Data Access: {
  "event_type": "DATA_ACCESS",
  "timestamp": "2025-08-07T10:34:02.358098",
  "user_id": null,
  "data_type": "vendor",
  "action": "GET",
  "record_id": 10,
  "ip_address": "127.0.0.1"
}
2025-08-07 16:04:04 | audit | INFO | Data Access: {
  "event_type": "DATA_ACCESS",
  "timestamp": "2025-08-07T10:34:04.601691",
  "user_id": null,
  "data_type": "document",
  "action": "GET",
  "record_id": 10,
  "ip_address": "127.0.0.1"
}
2025-08-07 16:04:04 | audit | INFO | Data Access: {
  "event_type": "DATA_ACCESS",
  "timestamp": "2025-08-07T10:34:04.605466",
  "user_id": null,
  "data_type": "document",
  "action": "GET",
  "record_id": 10,
  "ip_address": "127.0.0.1"
}
2025-08-07 16:04:58 | audit | INFO | Data Access: {
  "event_type": "DATA_ACCESS",
  "timestamp": "2025-08-07T10:34:58.465940",
  "user_id": null,
  "data_type": "vendor",
  "action": "GET",
  "record_id": 10,
  "ip_address": "127.0.0.1"
}
2025-08-07 16:07:28 | audit | INFO | Data Access: {
  "event_type": "DATA_ACCESS",
  "timestamp": "2025-08-07T10:37:28.594381",
  "user_id": null,
  "data_type": "document",
  "action": "GET",
  "record_id": 10,
  "ip_address": "127.0.0.1"
}
2025-08-07 16:07:28 | audit | INFO | Data Access: {
  "event_type": "DATA_ACCESS",
  "timestamp": "2025-08-07T10:37:28.595444",
  "user_id": null,
  "data_type": "document",
  "action": "GET",
  "record_id": 10,
  "ip_address": "127.0.0.1"
}
2025-08-07 16:07:32 | audit | INFO | Data Access: {
  "event_type": "DATA_ACCESS",
  "timestamp": "2025-08-07T10:37:32.069865",
  "user_id": null,
  "data_type": "document",
  "action": "GET",
  "record_id": 10,
  "ip_address": "127.0.0.1"
}
2025-08-07 16:07:32 | audit | INFO | Data Access: {
  "event_type": "DATA_ACCESS",
  "timestamp": "2025-08-07T10:37:32.070972",
  "user_id": null,
  "data_type": "document",
  "action": "GET",
  "record_id": 10,
  "ip_address": "127.0.0.1"
}
2025-08-07 16:14:30 | audit | INFO | Data Access: {
  "event_type": "DATA_ACCESS",
  "timestamp": "2025-08-07T10:44:30.195835",
  "user_id": null,
  "data_type": "document",
  "action": "GET",
  "record_id": 10,
  "ip_address": "127.0.0.1"
}
2025-08-07 16:14:30 | audit | INFO | Data Access: {
  "event_type": "DATA_ACCESS",
  "timestamp": "2025-08-07T10:44:30.197445",
  "user_id": null,
  "data_type": "document",
  "action": "GET",
  "record_id": 10,
  "ip_address": "127.0.0.1"
}
2025-08-07 16:16:02 | audit | INFO | Data Access: {
  "event_type": "DATA_ACCESS",
  "timestamp": "2025-08-07T10:46:02.099671",
  "user_id": null,
  "data_type": "vendor",
  "action": "GET",
  "record_id": 0,
  "ip_address": "127.0.0.1"
}
2025-08-07 16:17:48 | audit | INFO | Data Access: {
  "event_type": "DATA_ACCESS",
  "timestamp": "2025-08-07T10:47:48.071564",
  "user_id": null,
  "data_type": "vendor",
  "action": "GET",
  "record_id": 0,
  "ip_address": "127.0.0.1"
}
2025-08-07 16:20:29 | audit | INFO | Data Access: {
  "event_type": "DATA_ACCESS",
  "timestamp": "2025-08-07T10:50:29.051769",
  "user_id": null,
  "data_type": "vendor",
  "action": "GET",
  "record_id": 0,
  "ip_address": "127.0.0.1"
}
2025-08-07 16:26:02 | audit | INFO | Data Access: {
  "event_type": "DATA_ACCESS",
  "timestamp": "2025-08-07T10:56:02.982261",
  "user_id": null,
  "data_type": "vendor",
  "action": "GET",
  "record_id": 12,
  "ip_address": "127.0.0.1"
}
2025-08-07 16:26:12 | audit | INFO | Data Access: {
  "event_type": "DATA_ACCESS",
  "timestamp": "2025-08-07T10:56:12.536212",
  "user_id": null,
  "data_type": "document",
  "action": "GET",
  "record_id": 12,
  "ip_address": "127.0.0.1"
}
2025-08-07 16:26:12 | audit | INFO | Data Access: {
  "event_type": "DATA_ACCESS",
  "timestamp": "2025-08-07T10:56:12.547820",
  "user_id": null,
  "data_type": "document",
  "action": "GET",
  "record_id": 12,
  "ip_address": "127.0.0.1"
}
2025-08-07 16:26:16 | audit | INFO | Data Access: {
  "event_type": "DATA_ACCESS",
  "timestamp": "2025-08-07T10:56:16.814520",
  "user_id": null,
  "data_type": "document",
  "action": "GET",
  "record_id": 12,
  "ip_address": "127.0.0.1"
}
2025-08-07 16:26:16 | audit | INFO | Data Access: {
  "event_type": "DATA_ACCESS",
  "timestamp": "2025-08-07T10:56:16.824609",
  "user_id": null,
  "data_type": "document",
  "action": "GET",
  "record_id": 12,
  "ip_address": "127.0.0.1"
}
2025-08-07 16:26:35 | audit | INFO | Data Access: {
  "event_type": "DATA_ACCESS",
  "timestamp": "2025-08-07T10:56:35.347191",
  "user_id": null,
  "data_type": "vendor",
  "action": "GET",
  "record_id": 12,
  "ip_address": "127.0.0.1"
}
2025-08-07 16:26:56 | audit | INFO | Data Access: {
  "event_type": "DATA_ACCESS",
  "timestamp": "2025-08-07T10:56:56.282091",
  "user_id": null,
  "data_type": "document",
  "action": "GET",
  "record_id": 12,
  "ip_address": "127.0.0.1"
}
2025-08-07 16:26:56 | audit | INFO | Data Access: {
  "event_type": "DATA_ACCESS",
  "timestamp": "2025-08-07T10:56:56.283793",
  "user_id": null,
  "data_type": "document",
  "action": "GET",
  "record_id": 12,
  "ip_address": "127.0.0.1"
}
2025-08-07 16:34:22 | audit | INFO | Data Access: {
  "event_type": "DATA_ACCESS",
  "timestamp": "2025-08-07T11:04:22.677453",
  "user_id": null,
  "data_type": "vendor",
  "action": "GET",
  "record_id": 12,
  "ip_address": "127.0.0.1"
}
2025-08-07 16:34:24 | audit | INFO | Data Access: {
  "event_type": "DATA_ACCESS",
  "timestamp": "2025-08-07T11:04:24.395599",
  "user_id": null,
  "data_type": "vendor",
  "action": "GET",
  "record_id": 12,
  "ip_address": "127.0.0.1"
}
2025-08-07 16:35:00 | audit | INFO | Data Access: {
  "event_type": "DATA_ACCESS",
  "timestamp": "2025-08-07T11:05:00.015483",
  "user_id": null,
  "data_type": "vendor",
  "action": "POST",
  "record_id": 12,
  "ip_address": "127.0.0.1"
}
2025-08-07 16:35:11 | audit | INFO | Data Access: {
  "event_type": "DATA_ACCESS",
  "timestamp": "2025-08-07T11:05:11.696592",
  "user_id": null,
  "data_type": "vendor",
  "action": "GET",
  "record_id": 12,
  "ip_address": "127.0.0.1"
}
2025-08-07 16:35:30 | audit | INFO | Data Access: {
  "event_type": "DATA_ACCESS",
  "timestamp": "2025-08-07T11:05:30.907165",
  "user_id": null,
  "data_type": "vendor",
  "action": "GET",
  "record_id": 12,
  "ip_address": "127.0.0.1"
}
2025-08-07 16:35:33 | audit | INFO | Data Access: {
  "event_type": "DATA_ACCESS",
  "timestamp": "2025-08-07T11:05:33.057905",
  "user_id": null,
  "data_type": "vendor",
  "action": "GET",
  "record_id": 12,
  "ip_address": "127.0.0.1"
}
2025-08-07 16:35:35 | audit | INFO | Data Access: {
  "event_type": "DATA_ACCESS",
  "timestamp": "2025-08-07T11:05:35.299999",
  "user_id": null,
  "data_type": "vendor",
  "action": "GET",
  "record_id": 12,
  "ip_address": "127.0.0.1"
}
2025-08-07 16:35:40 | audit | INFO | Data Access: {
  "event_type": "DATA_ACCESS",
  "timestamp": "2025-08-07T11:05:40.652214",
  "user_id": null,
  "data_type": "document",
  "action": "GET",
  "record_id": 12,
  "ip_address": "127.0.0.1"
}
2025-08-07 16:35:40 | audit | INFO | Data Access: {
  "event_type": "DATA_ACCESS",
  "timestamp": "2025-08-07T11:05:40.656068",
  "user_id": null,
  "data_type": "document",
  "action": "GET",
  "record_id": 12,
  "ip_address": "127.0.0.1"
}
2025-08-07 16:35:41 | audit | INFO | Data Access: {
  "event_type": "DATA_ACCESS",
  "timestamp": "2025-08-07T11:05:41.669630",
  "user_id": null,
  "data_type": "vendor",
  "action": "GET",
  "record_id": 12,
  "ip_address": "127.0.0.1"
}
2025-08-07 16:36:30 | audit | INFO | Data Access: {
  "event_type": "DATA_ACCESS",
  "timestamp": "2025-08-07T11:06:30.366683",
  "user_id": null,
  "data_type": "vendor",
  "action": "GET",
  "record_id": 12,
  "ip_address": "127.0.0.1"
}
2025-08-07 16:36:33 | audit | INFO | Data Access: {
  "event_type": "DATA_ACCESS",
  "timestamp": "2025-08-07T11:06:33.950963",
  "user_id": null,
  "data_type": "document",
  "action": "GET",
  "record_id": 12,
  "ip_address": "127.0.0.1"
}
2025-08-07 16:36:33 | audit | INFO | Data Access: {
  "event_type": "DATA_ACCESS",
  "timestamp": "2025-08-07T11:06:33.963561",
  "user_id": null,
  "data_type": "document",
  "action": "GET",
  "record_id": 12,
  "ip_address": "127.0.0.1"
}
2025-08-07 16:36:36 | audit | INFO | Data Access: {
  "event_type": "DATA_ACCESS",
  "timestamp": "2025-08-07T11:06:36.107768",
  "user_id": null,
  "data_type": "vendor",
  "action": "GET",
  "record_id": 12,
  "ip_address": "127.0.0.1"
}
2025-08-07 16:36:37 | audit | INFO | Data Access: {
  "event_type": "DATA_ACCESS",
  "timestamp": "2025-08-07T11:06:37.732729",
  "user_id": null,
  "data_type": "vendor",
  "action": "GET",
  "record_id": 12,
  "ip_address": "127.0.0.1"
}
2025-08-07 16:37:11 | audit | INFO | Data Access: {
  "event_type": "DATA_ACCESS",
  "timestamp": "2025-08-07T11:07:11.062797",
  "user_id": null,
  "data_type": "vendor",
  "action": "GET",
  "record_id": 12,
  "ip_address": "127.0.0.1"
}
2025-08-07 16:37:31 | audit | INFO | Data Access: {
  "event_type": "DATA_ACCESS",
  "timestamp": "2025-08-07T11:07:31.880442",
  "user_id": null,
  "data_type": "vendor",
  "action": "GET",
  "record_id": 12,
  "ip_address": "127.0.0.1"
}
2025-08-07 16:40:17 | audit | INFO | Data Access: {
  "event_type": "DATA_ACCESS",
  "timestamp": "2025-08-07T11:10:17.881813",
  "user_id": null,
  "data_type": "vendor",
  "action": "GET",
  "record_id": 12,
  "ip_address": "127.0.0.1"
}
2025-08-07 16:41:46 | audit | INFO | Data Access: {
  "event_type": "DATA_ACCESS",
  "timestamp": "2025-08-07T11:11:46.448097",
  "user_id": null,
  "data_type": "vendor",
  "action": "GET",
  "record_id": 12,
  "ip_address": "127.0.0.1"
}
2025-08-07 16:41:54 | audit | INFO | Data Access: {
  "event_type": "DATA_ACCESS",
  "timestamp": "2025-08-07T11:11:54.595982",
  "user_id": null,
  "data_type": "vendor",
  "action": "GET",
  "record_id": 12,
  "ip_address": "127.0.0.1"
}
2025-08-07 16:42:15 | audit | INFO | Data Access: {
  "event_type": "DATA_ACCESS",
  "timestamp": "2025-08-07T11:12:15.365742",
  "user_id": null,
  "data_type": "vendor",
  "action": "GET",
  "record_id": 12,
  "ip_address": "127.0.0.1"
}
2025-08-07 16:45:03 | audit | INFO | Data Access: {
  "event_type": "DATA_ACCESS",
  "timestamp": "2025-08-07T11:15:03.536769",
  "user_id": null,
  "data_type": "vendor",
  "action": "GET",
  "record_id": 0,
  "ip_address": "127.0.0.1"
}
2025-08-07 16:48:13 | audit | INFO | Data Access: {
  "event_type": "DATA_ACCESS",
  "timestamp": "2025-08-07T11:18:13.250093",
  "user_id": null,
  "data_type": "vendor",
  "action": "GET",
  "record_id": 0,
  "ip_address": "127.0.0.1"
}
2025-08-07 16:48:23 | audit | INFO | Data Access: {
  "event_type": "DATA_ACCESS",
  "timestamp": "2025-08-07T11:18:23.540998",
  "user_id": null,
  "data_type": "vendor",
  "action": "GET",
  "record_id": 0,
  "ip_address": "127.0.0.1"
}
2025-08-07 17:03:48 | audit | INFO | Data Access: {
  "event_type": "DATA_ACCESS",
  "timestamp": "2025-08-07T11:33:48.043674",
  "user_id": null,
  "data_type": "vendor",
  "action": "GET",
  "record_id": 0,
  "ip_address": "127.0.0.1"
}
2025-08-07 17:03:52 | audit | INFO | Data Access: {
  "event_type": "DATA_ACCESS",
  "timestamp": "2025-08-07T11:33:52.542910",
  "user_id": null,
  "data_type": "vendor",
  "action": "GET",
  "record_id": 12,
  "ip_address": "127.0.0.1"
}
2025-08-07 17:03:54 | audit | INFO | Data Access: {
  "event_type": "DATA_ACCESS",
  "timestamp": "2025-08-07T11:33:54.380520",
  "user_id": null,
  "data_type": "vendor",
  "action": "GET",
  "record_id": 12,
  "ip_address": "127.0.0.1"
}
2025-08-07 17:03:59 | audit | INFO | Data Access: {
  "event_type": "DATA_ACCESS",
  "timestamp": "2025-08-07T11:33:59.650058",
  "user_id": null,
  "data_type": "vendor",
  "action": "GET",
  "record_id": 12,
  "ip_address": "127.0.0.1"
}
