2025-08-07 12:12:17 | error | WARNING | Error response: {
  "method": "GET",
  "url": "http://localhost:8000/api/v1/auth/me",
  "status_code": 401,
  "duration_ms": 83.17,
  "client_ip": "127.0.0.1",
  "user_id": null
}
2025-08-07 12:18:20 | error | WARNING | Error response: {
  "method": "GET",
  "url": "http://localhost:8000/api/v1/health",
  "status_code": 404,
  "duration_ms": 0.0,
  "client_ip": "127.0.0.1",
  "user_id": null
}
2025-08-07 12:19:26 | error | WARNING | Error response: {
  "method": "GET",
  "url": "http://localhost:8000/api/v1/vendors/",
  "status_code": 403,
  "duration_ms": 1.13,
  "client_ip": "127.0.0.1",
  "user_id": null
}
2025-08-07 12:19:37 | error | WARNING | Error response: {
  "method": "POST",
  "url": "http://localhost:8000/api/v1/vendors/public-registration",
  "status_code": 422,
  "duration_ms": 4.94,
  "client_ip": "127.0.0.1",
  "user_id": null
}
2025-08-07 12:20:47 | error | WARNING | Error response: {
  "method": "GET",
  "url": "http://localhost:8000/api/v1/vendors/public-registration",
  "status_code": 403,
  "duration_ms": 0.0,
  "client_ip": "127.0.0.1",
  "user_id": null
}
2025-08-07 12:20:49 | error | WARNING | Error response: {
  "method": "POST",
  "url": "http://localhost:8000/api/v1/vendors/public-registration",
  "status_code": 422,
  "duration_ms": 0.0,
  "client_ip": "127.0.0.1",
  "user_id": null
}
2025-08-07 12:21:41 | error | WARNING | Error response: {
  "method": "GET",
  "url": "http://localhost:8000/api/v1/vendors/public-registration",
  "status_code": 403,
  "duration_ms": 3.0,
  "client_ip": "127.0.0.1",
  "user_id": null
}
2025-08-07 12:39:56 | error | WARNING | Error response: {
  "method": "GET",
  "url": "http://localhost:8000/api/v1/vendors/",
  "status_code": 403,
  "duration_ms": 6.94,
  "client_ip": "127.0.0.1",
  "user_id": null
}
2025-08-07 12:40:01 | error | WARNING | Error response: {
  "method": "GET",
  "url": "http://localhost:8000/api/v1/vendors/",
  "status_code": 403,
  "duration_ms": 8.99,
  "client_ip": "127.0.0.1",
  "user_id": null
}
2025-08-07 12:40:23 | error | WARNING | Error response: {
  "method": "GET",
  "url": "http://localhost:8000/api/v1/vendors/?status=pending",
  "status_code": 403,
  "duration_ms": 10.33,
  "client_ip": "127.0.0.1",
  "user_id": null
}
2025-08-07 12:40:25 | error | WARNING | Error response: {
  "method": "GET",
  "url": "http://localhost:8000/api/v1/vendors/?status=pending",
  "status_code": 403,
  "duration_ms": 9.0,
  "client_ip": "127.0.0.1",
  "user_id": null
}
2025-08-07 12:40:28 | error | WARNING | Error response: {
  "method": "GET",
  "url": "http://localhost:8000/api/v1/vendors/?status=pending",
  "status_code": 403,
  "duration_ms": 2.51,
  "client_ip": "127.0.0.1",
  "user_id": null
}
2025-08-07 12:40:32 | error | WARNING | Error response: {
  "method": "GET",
  "url": "http://localhost:8000/api/v1/vendors/",
  "status_code": 403,
  "duration_ms": 3.0,
  "client_ip": "127.0.0.1",
  "user_id": null
}
2025-08-07 12:40:43 | error | WARNING | Error response: {
  "method": "GET",
  "url": "http://localhost:8000/api/v1/vendors/?status=pending",
  "status_code": 403,
  "duration_ms": 8.71,
  "client_ip": "127.0.0.1",
  "user_id": null
}
2025-08-07 12:40:45 | error | WARNING | Error response: {
  "method": "GET",
  "url": "http://localhost:8000/api/v1/vendors/",
  "status_code": 403,
  "duration_ms": 10.38,
  "client_ip": "127.0.0.1",
  "user_id": null
}
2025-08-07 12:40:47 | error | WARNING | Error response: {
  "method": "GET",
  "url": "http://localhost:8000/api/v1/vendors/?status=pending",
  "status_code": 403,
  "duration_ms": 2.74,
  "client_ip": "127.0.0.1",
  "user_id": null
}
2025-08-07 12:40:48 | error | WARNING | Error response: {
  "method": "GET",
  "url": "http://localhost:8000/api/v1/vendors/",
  "status_code": 403,
  "duration_ms": 7.23,
  "client_ip": "127.0.0.1",
  "user_id": null
}
2025-08-07 12:40:50 | error | WARNING | Error response: {
  "method": "GET",
  "url": "http://localhost:8000/api/v1/vendors/",
  "status_code": 403,
  "duration_ms": 2.81,
  "client_ip": "127.0.0.1",
  "user_id": null
}
2025-08-07 12:41:48 | error | WARNING | Error response: {
  "method": "GET",
  "url": "http://localhost:8000/api/v1/vendors/public-registration",
  "status_code": 403,
  "duration_ms": 8.31,
  "client_ip": "127.0.0.1",
  "user_id": null
}
2025-08-07 12:42:04 | error | WARNING | Error response: {
  "method": "GET",
  "url": "http://localhost:8000/api/v1/vendors/11",
  "status_code": 403,
  "duration_ms": 3.54,
  "client_ip": "127.0.0.1",
  "user_id": null
}
2025-08-07 12:42:27 | error | WARNING | Error response: {
  "method": "GET",
  "url": "http://localhost:8000/api/v1/auth/me",
  "status_code": 401,
  "duration_ms": 4.0,
  "client_ip": "127.0.0.1",
  "user_id": null
}
2025-08-07 12:43:10 | error | WARNING | Error response: {
  "method": "GET",
  "url": "http://localhost:8000/api/v1/vendors/",
  "status_code": 403,
  "duration_ms": 6.36,
  "client_ip": "127.0.0.1",
  "user_id": null
}
2025-08-07 12:43:12 | error | WARNING | Error response: {
  "method": "GET",
  "url": "http://localhost:8000/api/v1/vendors/",
  "status_code": 403,
  "duration_ms": 6.62,
  "client_ip": "127.0.0.1",
  "user_id": null
}
2025-08-07 12:43:21 | error | WARNING | Error response: {
  "method": "GET",
  "url": "http://localhost:8000/api/v1/vendors/",
  "status_code": 403,
  "duration_ms": 2.92,
  "client_ip": "127.0.0.1",
  "user_id": null
}
2025-08-07 12:43:22 | error | WARNING | Error response: {
  "method": "GET",
  "url": "http://localhost:8000/api/v1/vendors/",
  "status_code": 403,
  "duration_ms": 4.36,
  "client_ip": "127.0.0.1",
  "user_id": null
}
2025-08-07 12:43:23 | error | WARNING | Error response: {
  "method": "GET",
  "url": "http://localhost:8000/api/v1/vendors/?status=pending",
  "status_code": 403,
  "duration_ms": 2.0,
  "client_ip": "127.0.0.1",
  "user_id": null
}
2025-08-07 12:43:24 | error | WARNING | Error response: {
  "method": "GET",
  "url": "http://localhost:8000/api/v1/vendors/",
  "status_code": 403,
  "duration_ms": 4.0,
  "client_ip": "127.0.0.1",
  "user_id": null
}
2025-08-07 12:43:26 | error | WARNING | Error response: {
  "method": "GET",
  "url": "http://localhost:8000/api/v1/vendors/?status=pending",
  "status_code": 403,
  "duration_ms": 1.99,
  "client_ip": "127.0.0.1",
  "user_id": null
}
2025-08-07 12:43:26 | error | WARNING | Error response: {
  "method": "GET",
  "url": "http://localhost:8000/api/v1/vendors/",
  "status_code": 403,
  "duration_ms": 11.0,
  "client_ip": "127.0.0.1",
  "user_id": null
}
2025-08-07 12:43:59 | error | WARNING | Error response: {
  "method": "GET",
  "url": "http://localhost:8000/api/v1/vendors/",
  "status_code": 403,
  "duration_ms": 5.55,
  "client_ip": "127.0.0.1",
  "user_id": null
}
2025-08-07 12:44:19 | error | WARNING | Error response: {
  "method": "GET",
  "url": "http://localhost:8000/api/v1/vendors/",
  "status_code": 403,
  "duration_ms": 5.21,
  "client_ip": "127.0.0.1",
  "user_id": null
}
2025-08-07 12:44:47 | error | WARNING | Error response: {
  "method": "GET",
  "url": "http://localhost:8000/api/v1/vendors/",
  "status_code": 403,
  "duration_ms": 3.0,
  "client_ip": "127.0.0.1",
  "user_id": null
}
2025-08-07 12:45:12 | error | WARNING | Error response: {
  "method": "GET",
  "url": "http://localhost:8000/api/v1/vendors/",
  "status_code": 403,
  "duration_ms": 2.06,
  "client_ip": "127.0.0.1",
  "user_id": null
}
2025-08-07 12:45:39 | error | WARNING | Error response: {
  "method": "GET",
  "url": "http://localhost:8000/api/v1/vendors/",
  "status_code": 403,
  "duration_ms": 5.81,
  "client_ip": "127.0.0.1",
  "user_id": null
}
2025-08-07 12:47:16 | error | WARNING | Error response: {
  "method": "GET",
  "url": "http://localhost:8000/api/v1/vendors/",
  "status_code": 403,
  "duration_ms": 3.0,
  "client_ip": "127.0.0.1",
  "user_id": null
}
2025-08-07 12:47:33 | error | WARNING | Error response: {
  "method": "GET",
  "url": "http://localhost:8000/api/v1/vendors/",
  "status_code": 403,
  "duration_ms": 33.57,
  "client_ip": "127.0.0.1",
  "user_id": null
}
2025-08-07 12:48:49 | error | WARNING | Error response: {
  "method": "GET",
  "url": "http://localhost:8000/api/v1/vendors/",
  "status_code": 403,
  "duration_ms": 4.0,
  "client_ip": "127.0.0.1",
  "user_id": null
}
2025-08-07 12:48:51 | error | WARNING | Error response: {
  "method": "GET",
  "url": "http://localhost:8000/api/v1/vendors/",
  "status_code": 403,
  "duration_ms": 4.0,
  "client_ip": "127.0.0.1",
  "user_id": null
}
2025-08-07 12:48:52 | error | WARNING | Error response: {
  "method": "GET",
  "url": "http://localhost:8000/api/v1/vendors/?status=pending",
  "status_code": 403,
  "duration_ms": 8.66,
  "client_ip": "127.0.0.1",
  "user_id": null
}
2025-08-07 12:48:53 | error | WARNING | Error response: {
  "method": "GET",
  "url": "http://localhost:8000/api/v1/vendors/?status=pending",
  "status_code": 403,
  "duration_ms": 4.0,
  "client_ip": "127.0.0.1",
  "user_id": null
}
2025-08-07 12:48:54 | error | WARNING | Error response: {
  "method": "GET",
  "url": "http://localhost:8000/api/v1/vendors/?status=pending",
  "status_code": 403,
  "duration_ms": 3.0,
  "client_ip": "127.0.0.1",
  "user_id": null
}
2025-08-07 12:48:58 | error | WARNING | Error response: {
  "method": "GET",
  "url": "http://localhost:8000/api/v1/vendors/?status=pending",
  "status_code": 403,
  "duration_ms": 9.0,
  "client_ip": "127.0.0.1",
  "user_id": null
}
2025-08-07 12:49:08 | error | WARNING | Error response: {
  "method": "GET",
  "url": "http://localhost:8000/api/v1/vendors/?status=pending",
  "status_code": 403,
  "duration_ms": 4.04,
  "client_ip": "127.0.0.1",
  "user_id": null
}
2025-08-07 12:49:16 | error | WARNING | Error response: {
  "method": "GET",
  "url": "http://localhost:8000/api/v1/vendors/?status=pending",
  "status_code": 403,
  "duration_ms": 3.08,
  "client_ip": "127.0.0.1",
  "user_id": null
}
2025-08-07 12:50:43 | error | WARNING | Error response: {
  "method": "GET",
  "url": "http://localhost:8000/api/v1/vendors/?status=pending",
  "status_code": 403,
  "duration_ms": 2.0,
  "client_ip": "127.0.0.1",
  "user_id": null
}
2025-08-07 12:50:45 | error | WARNING | Error response: {
  "method": "GET",
  "url": "http://localhost:8000/api/v1/vendors/",
  "status_code": 403,
  "duration_ms": 2.01,
  "client_ip": "127.0.0.1",
  "user_id": null
}
2025-08-07 12:50:47 | error | WARNING | Error response: {
  "method": "GET",
  "url": "http://localhost:8000/api/v1/vendors/",
  "status_code": 403,
  "duration_ms": 2.0,
  "client_ip": "127.0.0.1",
  "user_id": null
}
2025-08-07 12:50:47 | error | WARNING | Error response: {
  "method": "GET",
  "url": "http://localhost:8000/api/v1/vendors/",
  "status_code": 403,
  "duration_ms": 3.02,
  "client_ip": "127.0.0.1",
  "user_id": null
}
2025-08-07 12:50:48 | error | WARNING | Error response: {
  "method": "GET",
  "url": "http://localhost:8000/api/v1/vendors/",
  "status_code": 403,
  "duration_ms": 2.1,
  "client_ip": "127.0.0.1",
  "user_id": null
}
2025-08-07 12:57:55 | error | WARNING | Error response: {
  "method": "GET",
  "url": "http://localhost:8000/api/v1/vendors/11",
  "status_code": 403,
  "duration_ms": 2.0,
  "client_ip": "127.0.0.1",
  "user_id": null
}
2025-08-07 12:57:58 | error | WARNING | Error response: {
  "method": "GET",
  "url": "http://localhost:8000/api/v1/vendors/11",
  "status_code": 403,
  "duration_ms": 2.42,
  "client_ip": "127.0.0.1",
  "user_id": null
}
2025-08-07 13:01:36 | error | WARNING | Error response: {
  "method": "GET",
  "url": "http://localhost:8000/api/v1/vendors/11",
  "status_code": 403,
  "duration_ms": 2.87,
  "client_ip": "127.0.0.1",
  "user_id": null
}
2025-08-07 13:01:39 | error | WARNING | Error response: {
  "method": "GET",
  "url": "http://localhost:8000/api/v1/vendors/11",
  "status_code": 403,
  "duration_ms": 2.29,
  "client_ip": "127.0.0.1",
  "user_id": null
}
2025-08-07 13:01:40 | error | WARNING | Error response: {
  "method": "GET",
  "url": "http://localhost:8000/api/v1/vendors/11",
  "status_code": 403,
  "duration_ms": 4.0,
  "client_ip": "127.0.0.1",
  "user_id": null
}
2025-08-07 13:10:38 | error | WARNING | Error response: {
  "method": "GET",
  "url": "http://localhost:8000/api/v1/vendors/7",
  "status_code": 403,
  "duration_ms": 2.0,
  "client_ip": "127.0.0.1",
  "user_id": null
}
2025-08-07 13:10:39 | error | WARNING | Error response: {
  "method": "GET",
  "url": "http://localhost:8000/api/v1/vendors/7",
  "status_code": 403,
  "duration_ms": 2.01,
  "client_ip": "127.0.0.1",
  "user_id": null
}
2025-08-07 13:10:41 | error | WARNING | Error response: {
  "method": "GET",
  "url": "http://localhost:8000/api/v1/vendors/7",
  "status_code": 403,
  "duration_ms": 1.43,
  "client_ip": "127.0.0.1",
  "user_id": null
}
2025-08-07 13:13:19 | error | WARNING | Error response: {
  "method": "GET",
  "url": "http://localhost:8000/api/v1/vendors/7",
  "status_code": 403,
  "duration_ms": 3.25,
  "client_ip": "127.0.0.1",
  "user_id": null
}
2025-08-07 13:13:20 | error | WARNING | Error response: {
  "method": "GET",
  "url": "http://localhost:8000/api/v1/vendors/7",
  "status_code": 403,
  "duration_ms": 3.36,
  "client_ip": "127.0.0.1",
  "user_id": null
}
2025-08-07 13:13:21 | error | WARNING | Error response: {
  "method": "GET",
  "url": "http://localhost:8000/api/v1/vendors/7",
  "status_code": 403,
  "duration_ms": 0.0,
  "client_ip": "127.0.0.1",
  "user_id": null
}
2025-08-07 13:13:40 | error | WARNING | Error response: {
  "method": "GET",
  "url": "http://localhost:8000/api/v1/vendors/11",
  "status_code": 403,
  "duration_ms": 2.0,
  "client_ip": "127.0.0.1",
  "user_id": null
}
2025-08-07 13:14:40 | error | WARNING | Error response: {
  "method": "GET",
  "url": "http://localhost:8000/api/v1/vendors/11",
  "status_code": 403,
  "duration_ms": 4.03,
  "client_ip": "127.0.0.1",
  "user_id": null
}
2025-08-07 13:14:55 | error | WARNING | Error response: {
  "method": "GET",
  "url": "http://localhost:8000/api/v1/vendors/11",
  "status_code": 403,
  "duration_ms": 1.0,
  "client_ip": "127.0.0.1",
  "user_id": null
}
2025-08-07 13:15:31 | error | WARNING | Error response: {
  "method": "GET",
  "url": "http://localhost:8000/api/v1/vendors/11",
  "status_code": 403,
  "duration_ms": 3.0,
  "client_ip": "127.0.0.1",
  "user_id": null
}
2025-08-07 13:15:33 | error | WARNING | Error response: {
  "method": "GET",
  "url": "http://localhost:8000/api/v1/vendors/11",
  "status_code": 403,
  "duration_ms": 3.37,
  "client_ip": "127.0.0.1",
  "user_id": null
}
2025-08-07 13:15:33 | error | WARNING | Error response: {
  "method": "GET",
  "url": "http://localhost:8000/api/v1/vendors/11",
  "status_code": 403,
  "duration_ms": 2.0,
  "client_ip": "127.0.0.1",
  "user_id": null
}
2025-08-07 13:15:34 | error | WARNING | Error response: {
  "method": "GET",
  "url": "http://localhost:8000/api/v1/vendors/11",
  "status_code": 403,
  "duration_ms": 2.0,
  "client_ip": "127.0.0.1",
  "user_id": null
}
2025-08-07 13:15:35 | error | WARNING | Error response: {
  "method": "GET",
  "url": "http://localhost:8000/api/v1/vendors/11",
  "status_code": 403,
  "duration_ms": 2.0,
  "client_ip": "127.0.0.1",
  "user_id": null
}
2025-08-07 13:15:36 | error | WARNING | Error response: {
  "method": "GET",
  "url": "http://localhost:8000/api/v1/vendors/11",
  "status_code": 403,
  "duration_ms": 2.01,
  "client_ip": "127.0.0.1",
  "user_id": null
}
2025-08-07 13:17:38 | error | WARNING | Error response: {
  "method": "GET",
  "url": "http://localhost:8000/api/v1/vendors/11",
  "status_code": 403,
  "duration_ms": 2.01,
  "client_ip": "127.0.0.1",
  "user_id": null
}
2025-08-07 13:17:39 | error | WARNING | Error response: {
  "method": "GET",
  "url": "http://localhost:8000/api/v1/vendors/11",
  "status_code": 403,
  "duration_ms": 3.0,
  "client_ip": "127.0.0.1",
  "user_id": null
}
2025-08-07 13:17:41 | error | WARNING | Error response: {
  "method": "GET",
  "url": "http://localhost:8000/api/v1/vendors/7",
  "status_code": 403,
  "duration_ms": 2.0,
  "client_ip": "127.0.0.1",
  "user_id": null
}
2025-08-07 13:17:43 | error | WARNING | Error response: {
  "method": "GET",
  "url": "http://localhost:8000/api/v1/vendors/7",
  "status_code": 403,
  "duration_ms": 2.0,
  "client_ip": "127.0.0.1",
  "user_id": null
}
2025-08-07 13:20:45 | error | WARNING | Error response: {
  "method": "GET",
  "url": "http://localhost:8000/api/v1/vendors/7/export/pdf",
  "status_code": 403,
  "duration_ms": 6.59,
  "client_ip": "127.0.0.1",
  "user_id": null
}
2025-08-07 14:11:05 | error | WARNING | Error response: {
  "method": "GET",
  "url": "http://localhost:8000/api/v1/auth/me",
  "status_code": 401,
  "duration_ms": 4.0,
  "client_ip": "127.0.0.1",
  "user_id": null
}
2025-08-07 14:52:23 | error | WARNING | Error response: {
  "method": "GET",
  "url": "http://localhost:8000/api/v1/auth/me",
  "status_code": 401,
  "duration_ms": 7.9,
  "client_ip": "127.0.0.1",
  "user_id": null
}
2025-08-07 15:41:08 | error | WARNING | Error response: {
  "method": "GET",
  "url": "http://localhost:8000/api/v1/auth/me",
  "status_code": 401,
  "duration_ms": 4.02,
  "client_ip": "127.0.0.1",
  "user_id": null
}
